[2016-06-18 14:58:52.853] [INFO] pomelo - [32m[G:\study\pomelo-bomber\game-server\node_modules\pomelo\lib\application.js] [39mapplication inited: "connector-server-2"
[2016-06-18 14:58:54.314] [INFO] pomelo - [32m[G:\study\pomelo-bomber\game-server\node_modules\pomelo\lib\application.js] [39m"connector-server-2" enter after start...
[2016-06-18 14:58:54.323] [INFO] pomelo - [32m[G:\study\pomelo-bomber\game-server\node_modules\pomelo\lib\application.js] [39m"connector-server-2" finish start
[2016-06-18 14:58:54.324] [INFO] pomelo - [32m[G:\study\pomelo-bomber\game-server\node_modules\pomelo\lib\application.js] [39m"connector-server-2" startup in 891 ms
[2016-06-18 15:03:53.540] [INFO] pomelo - [32m[G:\study\pomelo-bomber\game-server\node_modules\pomelo\lib\application.js] [39mapplication inited: "connector-server-2"
[2016-06-18 15:03:54.272] [INFO] pomelo - [32m[G:\study\pomelo-bomber\game-server\node_modules\pomelo\lib\application.js] [39m"connector-server-2" enter after start...
[2016-06-18 15:03:54.282] [INFO] pomelo - [32m[G:\study\pomelo-bomber\game-server\node_modules\pomelo\lib\application.js] [39m"connector-server-2" finish start
[2016-06-18 15:03:54.282] [INFO] pomelo - [32m[G:\study\pomelo-bomber\game-server\node_modules\pomelo\lib\application.js] [39m"connector-server-2" startup in 593 ms
[2016-06-18 15:06:35.612] [INFO] pomelo - [32m[G:\study\pomelo-bomber\game-server\node_modules\pomelo\lib\application.js] [39mapplication inited: "connector-server-2"
[2016-06-18 15:06:36.335] [INFO] pomelo - [32m[G:\study\pomelo-bomber\game-server\node_modules\pomelo\lib\application.js] [39m"connector-server-2" enter after start...
[2016-06-18 15:06:36.344] [INFO] pomelo - [32m[G:\study\pomelo-bomber\game-server\node_modules\pomelo\lib\application.js] [39m"connector-server-2" finish start
[2016-06-18 15:06:36.345] [INFO] pomelo - [32m[G:\study\pomelo-bomber\game-server\node_modules\pomelo\lib\application.js] [39m"connector-server-2" startup in 591 ms
[2016-06-18 15:13:13.653] [INFO] pomelo - [32m[G:\study\pomelo-bomber\game-server\node_modules\pomelo\lib\application.js] [39mapplication inited: "connector-server-2"
[2016-06-18 15:13:14.668] [INFO] pomelo - [32m[G:\study\pomelo-bomber\game-server\node_modules\pomelo\lib\application.js] [39m"connector-server-2" enter after start...
[2016-06-18 15:13:14.682] [INFO] pomelo - [32m[G:\study\pomelo-bomber\game-server\node_modules\pomelo\lib\application.js] [39m"connector-server-2" finish start
[2016-06-18 15:13:14.682] [INFO] pomelo - [32m[G:\study\pomelo-bomber\game-server\node_modules\pomelo\lib\application.js] [39m"connector-server-2" startup in 656 ms
[2016-06-18 15:16:22.205] [INFO] pomelo - [32m[G:\study\pomelo-bomber\game-server\node_modules\pomelo\lib\application.js] [39mapplication inited: "connector-server-2"
[2016-06-18 15:16:23.063] [INFO] pomelo - [32m[G:\study\pomelo-bomber\game-server\node_modules\pomelo\lib\application.js] [39m"connector-server-2" enter after start...
[2016-06-18 15:16:23.072] [INFO] pomelo - [32m[G:\study\pomelo-bomber\game-server\node_modules\pomelo\lib\application.js] [39m"connector-server-2" finish start
[2016-06-18 15:16:23.072] [INFO] pomelo - [32m[G:\study\pomelo-bomber\game-server\node_modules\pomelo\lib\application.js] [39m"connector-server-2" startup in 686 ms
[2016-06-18 15:17:39.680] [INFO] pomelo - [32m[G:\study\pomelo-bomber\game-server\node_modules\pomelo\lib\application.js] [39mapplication inited: "connector-server-2"
[2016-06-18 15:19:59.788] [INFO] pomelo - [32m[G:\study\pomelo-bomber\game-server\node_modules\pomelo\lib\application.js] [39mapplication inited: "connector-server-2"
[2016-06-18 15:24:27.160] [INFO] pomelo - [32m[G:\study\pomelo-bomber\game-server\node_modules\pomelo\lib\application.js] [39mapplication inited: "connector-server-2"
[2016-06-18 15:24:28.189] [INFO] pomelo - [32m[G:\study\pomelo-bomber\game-server\node_modules\pomelo\lib\application.js] [39m"connector-server-2" enter after start...
[2016-06-18 15:24:28.199] [INFO] pomelo - [32m[G:\study\pomelo-bomber\game-server\node_modules\pomelo\lib\application.js] [39m"connector-server-2" finish start
[2016-06-18 15:24:28.200] [INFO] pomelo - [32m[G:\study\pomelo-bomber\game-server\node_modules\pomelo\lib\application.js] [39m"connector-server-2" startup in 669 ms
[2016-06-18 15:28:33.537] [INFO] pomelo - [32m[G:\study\pomelo-bomber\game-server\node_modules\pomelo\lib\application.js] [39mapplication inited: "connector-server-2"
[2016-06-18 15:28:34.392] [INFO] pomelo - [32m[G:\study\pomelo-bomber\game-server\node_modules\pomelo\lib\application.js] [39m"connector-server-2" enter after start...
[2016-06-18 15:28:34.401] [INFO] pomelo - [32m[G:\study\pomelo-bomber\game-server\node_modules\pomelo\lib\application.js] [39m"connector-server-2" finish start
[2016-06-18 15:28:34.402] [INFO] pomelo - [32m[G:\study\pomelo-bomber\game-server\node_modules\pomelo\lib\application.js] [39m"connector-server-2" startup in 694 ms
[2016-06-18 15:32:12.356] [INFO] pomelo - [32m[g:\study\pomelo-bomber\game-server\node_modules\pomelo\lib\application.js] [39mapplication inited: "connector-server-2"
[2016-06-18 15:32:13.546] [INFO] pomelo - [32m[g:\study\pomelo-bomber\game-server\node_modules\pomelo\lib\application.js] [39m"connector-server-2" enter after start...
[2016-06-18 15:32:13.559] [INFO] pomelo - [32m[g:\study\pomelo-bomber\game-server\node_modules\pomelo\lib\application.js] [39m"connector-server-2" finish start
[2016-06-18 15:32:13.560] [INFO] pomelo - [32m[g:\study\pomelo-bomber\game-server\node_modules\pomelo\lib\application.js] [39m"connector-server-2" startup in 1003 ms
[2016-06-18 15:32:13.610] [DEBUG] pomelo - [36m[g:\study\pomelo-bomber\game-server\node_modules\pomelo\lib\modules\monitorwatcher.js] [39m[connector-server-2] receive addServer signal: {"action":"addServer","server":{"main":"g:\\study\\pomelo-bomber\\game-server\\app.js","env":"development","id":"connector-server-1","host":"127.0.0.1","port":3151,"clientPort":3011,"frontend":"true","serverType":"connector","pid":11408}}
[2016-06-18 15:33:40.989] [INFO] pomelo - [32m[g:\study\pomelo-bomber\game-server\node_modules\pomelo\lib\application.js] [39mapplication inited: "connector-server-2"
[2016-06-18 15:33:41.835] [INFO] pomelo - [32m[g:\study\pomelo-bomber\game-server\node_modules\pomelo\lib\application.js] [39m"connector-server-2" enter after start...
[2016-06-18 15:33:41.845] [INFO] pomelo - [32m[g:\study\pomelo-bomber\game-server\node_modules\pomelo\lib\application.js] [39m"connector-server-2" finish start
[2016-06-18 15:33:41.846] [INFO] pomelo - [32m[g:\study\pomelo-bomber\game-server\node_modules\pomelo\lib\application.js] [39m"connector-server-2" startup in 661 ms
[2016-06-18 15:35:50.850] [INFO] pomelo - [32m[g:\study\pomelo-bomber\game-server\node_modules\pomelo\lib\application.js] [39mapplication inited: "connector-server-2"
[2016-06-18 15:35:51.819] [INFO] pomelo - [32m[g:\study\pomelo-bomber\game-server\node_modules\pomelo\lib\application.js] [39m"connector-server-2" enter after start...
[2016-06-18 15:35:51.828] [INFO] pomelo - [32m[g:\study\pomelo-bomber\game-server\node_modules\pomelo\lib\application.js] [39m"connector-server-2" finish start
[2016-06-18 15:35:51.829] [INFO] pomelo - [32m[g:\study\pomelo-bomber\game-server\node_modules\pomelo\lib\application.js] [39m"connector-server-2" startup in 762 ms
[2016-06-18 15:47:06.652] [INFO] pomelo - [32m[g:\study\pomelo-bomber\game-server\node_modules\pomelo\lib\application.js] [39mapplication inited: "connector-server-2"
[2016-06-18 15:47:07.807] [INFO] pomelo - [32m[g:\study\pomelo-bomber\game-server\node_modules\pomelo\lib\application.js] [39m"connector-server-2" enter after start...
[2016-06-18 15:47:07.816] [INFO] pomelo - [32m[g:\study\pomelo-bomber\game-server\node_modules\pomelo\lib\application.js] [39m"connector-server-2" finish start
[2016-06-18 15:47:07.816] [INFO] pomelo - [32m[g:\study\pomelo-bomber\game-server\node_modules\pomelo\lib\application.js] [39m"connector-server-2" startup in 869 ms
[2016-06-18 15:49:02.717] [INFO] pomelo - [32m[g:\study\pomelo-bomber\game-server\node_modules\pomelo\lib\application.js] [39mapplication inited: "connector-server-2"
[2016-06-18 15:49:03.648] [INFO] pomelo - [32m[g:\study\pomelo-bomber\game-server\node_modules\pomelo\lib\application.js] [39m"connector-server-2" enter after start...
[2016-06-18 15:49:03.656] [INFO] pomelo - [32m[g:\study\pomelo-bomber\game-server\node_modules\pomelo\lib\application.js] [39m"connector-server-2" finish start
[2016-06-18 15:49:03.657] [INFO] pomelo - [32m[g:\study\pomelo-bomber\game-server\node_modules\pomelo\lib\application.js] [39m"connector-server-2" startup in 745 ms
[2016-06-18 15:49:03.681] [DEBUG] pomelo - [36m[g:\study\pomelo-bomber\game-server\node_modules\pomelo\lib\modules\monitorwatcher.js] [39m[connector-server-2] receive addServer signal: {"action":"addServer","server":{"main":"g:\\study\\pomelo-bomber\\game-server\\app.js","env":"development","id":"connector-server-1","host":"127.0.0.1","port":3151,"clientPort":3011,"frontend":"true","serverType":"connector","pid":6072}}
[2016-06-18 15:49:23.584] [INFO] pomelo - [32m[g:\study\pomelo-bomber\game-server\node_modules\pomelo\lib\application.js] [39mapplication inited: "connector-server-2"
[2016-06-18 15:49:24.536] [INFO] pomelo - [32m[g:\study\pomelo-bomber\game-server\node_modules\pomelo\lib\application.js] [39m"connector-server-2" enter after start...
[2016-06-18 15:49:24.548] [INFO] pomelo - [32m[g:\study\pomelo-bomber\game-server\node_modules\pomelo\lib\application.js] [39m"connector-server-2" finish start
[2016-06-18 15:49:24.549] [INFO] pomelo - [32m[g:\study\pomelo-bomber\game-server\node_modules\pomelo\lib\application.js] [39m"connector-server-2" startup in 736 ms
[2016-06-18 15:49:36.686] [DEBUG] pomelo - [36m[g:\study\pomelo-bomber\game-server\node_modules\pomelo\lib\components\connector.js] [39m[connector-server-2] getSession session is created with session id: 1
[2016-06-18 15:49:36.702] [DEBUG] pomelo - [36m[g:\study\pomelo-bomber\game-server\node_modules\pomelo\lib\components\connector.js] [39m[connector-server-2] handleMessage session id: 1, msg: {"id":2,"type":0,"compressRoute":0,"route":"connector.entryHandler1.initMap","body":{"row":30,"column":80},"compressGzip":0}
[2016-06-18 15:49:36.789] [DEBUG] pomelo - [36m[g:\study\pomelo-bomber\game-server\node_modules\pomelo\lib\components\connector.js] [39m[connector-server-2] send message reqId: 2, route: connector.entryHandler1.initMap, msg: {"code":200,"msg":"[[2,2,2,2,2,2,2,2,2,2,2,2,2,2,2,2,2,2,2,2,2,2,2,2,2,2,2,2,2,2,2,2,2,2,2,2,2,2,2,2,2,2,2,2,2,2,2,2,2,2,2,2,2,2,2,2,2,2,2,2,2,2,2,2,2,2,2,2,2,2,2,2,2,2,2,2,2,2,2,2],[2,0,0,0,1,0,0,1,1,3,3,3,1,1,0,1,0,3,1,0,3,0,0,1,0,1,0,0,0,0,0,0,1,0,0,3,0,0,1,3,0,0,0,1,0,0,0,3,1,3,0,0,3,3,3,1,0,0,3,0,0,3,1,3,0,0,0,0,0,1,0,0,0,0,0,1,0,0,0,2],[2,0,0,2,3,3,2,3,3,2,2,1,3,1,1,3,0,0,0,2,3,0,0,1,1,3,1,3,2,1,0,3,1,1,1,0,0,0,0,3,1,3,2,3,2,1,0,1,1,1,2,2,3,1,1,2,1,0,1,3,2,2,1,0,0,0,0,1,0,2,3,1,3,0,2,3,1,2,0,2],[2,0,2,1,0,1,0,1,1,3,1,1,1,2,1,3,3,3,2,2,3,0,0,0,3,1,2,3,0,2,1,0,0,0,2,2,2,0,1,1,0,0,1,1,3,0,1,1,0,3,0,2,0,1,3,2,1,1,1,0,2,3,0,2,3,1,2,0,2,0,1,1,1,2,0,2,3,3,0,2],[2,3,3,0,2,2,3,1,1,2,3,3,1,0,1,0,1,3,1,1,0,3,3,2,3,1,3,1,0,3,3,1,1,0,2,0,2,3,3,2,0,0,0,0,3,1,2,3,0,2,1,3,0,1,1,3,2,2,2,1,3,3,0,2,3,0,2,3,3,2,0,1,3,2,1,1,3,3,3,2],[2,1,1,3,0,1,3,0,0,2,0,0,0,1,3,3,1,3,0,1,3,1,2,0,0,2,2,1,1,0,0,1,0,2,0,1,3,1,3,2,0,2,2,2,0,1,1,2,2,2,0,2,0,1,3,0,2,3,2,3,1,1,0,0,0,3,2,0,0,0,3,1,0,0,3,1,0,3,0,2],[2,0,3,2,2,1,0,2,3,2,1,3,0,3,1,0,1,2,3,0,0,3,3,0,1,1,2,3,3,0,0,0,3,3,0,0,3,1,0,0,0,0,0,3,2,3,2,3,3,1,3,2,1,0,0,1,0,3,3,0,1,0,0,0,3,2,1,1,2,0,0,0,2,3,1,2,3,2,1,2],[2,0,0,0,2,3,1,0,3,3,2,3,0,3,3,3,3,3,2,2,2,0,1,0,3,3,0,1,3,2,1,3,2,0,0,2,2,3,0,0,3,0,3,0,1,3,3,2,0,2,3,2,0,0,3,0,0,1,0,0,2,2,2,0,1,1,0,2,3,0,3,1,1,2,2,0,0,3,0,2],[2,0,2,0,3,0,1,2,3,2,2,0,2,1,0,0,1,3,1,0,2,3,0,0,3,0,1,1,3,3,3,1,0,0,0,2,0,0,0,0,0,1,3,2,3,3,0,3,1,3,3,0,1,2,2,0,2,2,2,1,0,0,0,0,3,1,1,2,3,0,1,1,2,3,0,2,2,3,1,2],[2,0,2,3,3,2,0,1,0,3,1,3,3,2,2,0,3,0,2,0,2,1,3,2,1,2,1,2,0,0,0,3,0,1,3,3,1,3,2,2,1,1,2,0,2,1,3,0,0,1,1,0,1,2,3,2,3,3,2,1,0,1,1,1,2,2,3,2,0,0,2,1,3,0,0,3,1,1,3,2],[2,0,0,3,1,2,0,3,3,2,0,3,2,3,2,1,1,3,0,2,0,1,3,0,0,1,3,2,0,2,3,3,2,2,2,3,2,0,2,1,0,3,0,1,0,3,3,1,2,3,0,3,0,1,3,2,0,1,0,3,0,2,0,2,0,2,0,3,3,0,1,2,0,2,0,2,1,3,1,2],[2,0,1,0,2,2,1,0,0,2,1,1,0,1,3,3,1,0,1,1,2,0,2,1,1,3,2,2,0,3,1,3,2,3,3,3,3,1,1,2,0,2,2,3,2,2,1,3,1,1,2,0,3,0,0,0,0,3,1,3,0,2,3,0,3,1,0,0,2,2,0,1,0,2,0,0,2,1,0,2],[2,0,0,0,0,0,3,0,3,0,3,0,0,1,0,3,2,2,2,3,0,1,3,3,1,3,0,3,3,1,2,1,1,3,2,3,2,3,1,2,0,0,2,1,0,0,1,2,1,0,3,3,0,2,0,2,1,2,1,2,3,1,1,2,1,3,3,1,1,0,2,1,1,3,2,1,3,0,0,2],[2,0,3,3,0,0,2,3,3,2,3,1,1,0,3,1,2,0,3,2,0,2,1,3,1,2,3,0,3,3,3,1,1,2,0,1,1,1,1,2,0,1,3,1,1,1,1,1,0,2,2,2,0,3,2,0,2,0,0,3,2,0,3,1,3,0,3,2,0,2,2,1,0,1,1,2,0,2,0,2],[2,0,1,3,2,1,3,0,3,1,3,2,1,2,3,1,3,3,0,2,2,0,1,0,1,1,3,1,0,2,2,2,2,0,1,2,2,1,3,0,1,3,1,0,2,0,2,2,1,0,3,1,0,2,1,1,0,0,3,3,0,3,0,2,1,0,1,3,1,3,3,2,2,1,1,3,1,2,0,2],[2,1,0,3,0,0,0,2,1,3,3,1,3,1,3,1,2,1,0,0,1,1,2,1,0,1,0,1,1,3,0,1,1,0,3,1,2,0,0,2,1,1,3,2,0,0,3,1,1,2,2,2,2,1,3,2,3,3,3,3,0,3,3,3,2,3,0,2,2,1,0,0,1,3,0,0,1,0,3,2],[2,0,1,0,0,0,0,3,3,2,0,2,2,1,1,3,2,1,2,0,1,0,3,1,2,0,2,2,2,1,2,3,1,1,0,1,2,0,3,2,1,1,1,1,0,1,0,0,0,2,1,1,2,3,3,0,0,1,0,0,0,1,1,2,3,0,1,0,3,3,2,3,1,1,0,2,2,1,0,2],[2,0,3,1,0,3,1,1,2,0,2,1,0,1,0,1,1,0,3,1,2,3,1,1,1,3,1,1,3,2,0,2,1,2,1,1,3,0,1,3,1,3,3,3,1,1,1,0,1,3,0,0,0,0,3,2,0,3,3,2,0,1,1,3,0,3,2,0,2,3,1,2,0,2,2,1,2,3,0,2],[2,1,3,0,0,2,1,3,0,0,3,3,3,2,1,2,0,3,1,3,0,2,2,2,0,0,1,0,1,2,1,1,1,2,0,3,3,1,1,2,1,1,0,0,1,0,2,3,3,0,2,2,3,3,0,2,1,2,0,3,0,2,2,3,3,0,0,0,1,1,3,0,1,0,1,3,1,0,1,2],[2,1,2,1,0,1,0,0,0,0,1,0,2,0,2,3,0,1,2,0,1,1,1,3,0,0,3,1,0,1,0,1,2,0,3,2,1,0,3,1,2,2,0,1,1,0,0,2,1,3,2,1,2,3,3,1,1,2,2,1,3,2,1,2,0,3,0,0,3,0,0,1,3,0,0,3,3,1,1,2],[2,0,0,0,3,3,1,0,0,2,0,3,0,3,0,1,3,3,0,0,2,1,3,3,1,3,0,3,2,3,0,2,1,3,1,1,1,1,2,2,1,1,2,1,3,2,2,0,1,1,0,0,0,2,3,3,1,3,3,0,1,0,3,1,3,1,3,2,2,0,2,3,3,0,1,0,3,0,1,2],[2,1,0,0,1,2,0,0,0,0,1,0,1,2,0,2,1,1,3,2,3,1,0,1,3,1,1,1,3,3,3,3,3,2,0,1,0,1,3,0,3,2,1,1,1,0,0,2,1,2,3,1,0,0,1,2,1,0,0,1,1,1,1,1,0,1,1,2,0,1,0,2,0,2,3,0,2,1,0,2],[2,0,0,1,0,3,1,0,2,2,0,2,2,2,3,0,2,2,0,1,3,0,1,0,3,0,0,2,3,0,3,3,3,0,3,2,3,2,2,0,1,3,2,2,1,2,2,3,3,1,2,0,0,3,3,3,2,2,0,2,0,2,2,1,1,3,3,3,2,2,1,3,0,2,3,1,2,3,1,2],[2,3,3,0,0,2,1,0,2,3,2,1,1,0,2,2,1,3,2,3,2,0,2,2,3,0,0,1,2,3,0,3,0,2,1,3,1,0,1,1,1,1,1,3,3,0,1,1,1,0,3,2,0,0,1,2,3,3,3,0,0,0,3,0,0,3,0,0,0,1,3,0,2,1,3,1,2,1,0,2],[2,3,2,0,2,3,3,0,0,0,1,2,2,1,2,3,2,0,3,0,2,0,2,0,3,0,0,3,3,3,1,2,3,0,2,1,2,2,1,0,2,2,1,3,0,2,2,3,1,2,0,1,3,3,0,0,1,0,2,1,2,1,3,1,1,3,2,1,1,3,3,3,3,0,0,2,3,3,0,2],[2,1,3,3,3,0,1,0,0,2,3,2,0,1,1,1,1,3,3,1,1,3,3,1,3,0,0,0,3,3,3,0,0,3,0,1,0,1,3,3,3,0,3,2,3,2,0,1,1,0,3,0,1,2,0,0,2,2,0,2,2,1,0,0,3,0,1,3,3,3,1,3,0,1,3,0,3,1,0,2],[2,3,1,1,0,0,0,2,3,3,2,1,1,3,1,3,0,1,1,2,1,1,3,3,2,2,2,2,2,1,0,1,2,3,3,0,0,0,1,3,0,3,1,1,3,2,1,1,0,3,2,1,2,1,3,0,0,1,1,1,0,0,1,3,2,0,0,2,1,0,2,3,1,1,3,2,3,3,0,2],[2,0,3,0,0,0,3,1,2,3,0,1,0,0,3,3,3,3,1,1,1,3,2,1,3,1,1,1,3,0,0,3,1,3,2,2,1,0,0,3,0,0,3,0,0,2,3,1,1,0,1,1,1,0,0,2,0,1,1,1,1,2,2,1,3,2,1,2,2,2,1,3,1,3,2,0,1,1,0,2],[2,0,0,1,0,0,0,0,1,0,0,1,0,0,0,3,1,0,0,3,0,3,0,0,0,1,1,0,3,3,3,0,1,0,1,3,0,0,0,3,0,0,0,1,0,0,1,1,0,0,3,0,1,1,0,0,0,0,0,1,0,0,0,3,1,0,1,1,3,1,0,1,0,0,0,1,0,0,0,2],[2,2,2,2,2,2,2,2,2,2,2,2,2,2,2,2,2,2,2,2,2,2,2,2,2,2,2,2,2,2,2,2,2,2,2,2,2,2,2,2,2,2,2,2,2,2,2,2,2,2,2,2,2,2,2,2,2,2,2,2,2,2,2,2,2,2,2,2,2,2,2,2,2,2,2,2,2,2,2,2]]"}, receivers: [1], opts: {"type":"response","userOptions":{},"isResponse":true}
[2016-06-19 00:40:01.786] [INFO] pomelo - [32m[G:\study\pomelo-bomber\game-server\node_modules\pomelo\lib\application.js] [39mapplication inited: "connector-server-2"
[2016-06-19 00:40:02.779] [INFO] pomelo - [32m[G:\study\pomelo-bomber\game-server\node_modules\pomelo\lib\application.js] [39m"connector-server-2" enter after start...
[2016-06-19 00:40:02.790] [INFO] pomelo - [32m[G:\study\pomelo-bomber\game-server\node_modules\pomelo\lib\application.js] [39m"connector-server-2" finish start
[2016-06-19 00:40:02.790] [INFO] pomelo - [32m[G:\study\pomelo-bomber\game-server\node_modules\pomelo\lib\application.js] [39m"connector-server-2" startup in 720 ms
[2016-06-21 21:13:32.970] [INFO] pomelo - [32m[G:\study\pomelo-bomber\game-server\node_modules\pomelo\lib\application.js] [39mapplication inited: "connector-server-2"
[2016-06-21 21:13:36.659] [INFO] pomelo - [32m[G:\study\pomelo-bomber\game-server\node_modules\pomelo\lib\application.js] [39m"connector-server-2" enter after start...
[2016-06-21 21:13:36.669] [INFO] pomelo - [32m[G:\study\pomelo-bomber\game-server\node_modules\pomelo\lib\application.js] [39m"connector-server-2" finish start
[2016-06-21 21:13:36.670] [INFO] pomelo - [32m[G:\study\pomelo-bomber\game-server\node_modules\pomelo\lib\application.js] [39m"connector-server-2" startup in 3240 ms
